<?xml version="1.0" encoding="UTF-8"?>
<!-- Generated by org.testng.reporters.JUnitReportReporter -->
<testsuite hostname="DESKTOP-FHFR49T" failures="0" tests="2" name="com.profound.ProfoundTest" time="77.862" errors="0" timestamp="2022-06-07T12:17:45 IST" skipped="0">
  <testcase classname="com.profound.ProfoundTest" name="Test1" time="35.534"/>
  <system-out/>
  <testcase classname="com.profound.ProfoundTest" name="Test1" time="42.328"/>
  <system-out/>
</testsuite> <!-- com.profound.ProfoundTest -->
